<?xml version="1.0" encoding="UTF-8"?>
<!-- Generated by org.testng.reporters.JUnitReportReporter -->
<testsuite skipped="0" hostname="Sadha" name="test.selenium.Amazontest" tests="1" failures="0" timestamp="04 Nov 2017 18:39:32 GMT" time="30.251" errors="0">
  <testcase name="f" time="30.251" classname="test.selenium.Amazontest"/>
</testsuite> <!-- test.selenium.Amazontest -->
