<?xml version="1.0" encoding="UTF-8"?>
<!-- Generated by org.testng.reporters.JUnitReportReporter -->
<testsuite skipped="0" hostname="Sadha" name="test.selenium.Amazontest" tests="1" failures="0" timestamp="05 Nov 2017 06:43:50 GMT" time="51.661" errors="0">
  <testcase name="f" time="51.661" classname="test.selenium.Amazontest"/>
</testsuite> <!-- test.selenium.Amazontest -->
